<?xml version="1.0" encoding="UTF-8"?>
<!-- Generated by org.testng.reporters.JUnitReportReporter -->
<testsuite name="com.test.TestSceanrio1" tests="1" time="30.426" ignored="0" failures="0" timestamp="26 Nov 2020 14:04:32 GMT" skipped="0" hostname="LAPTOP-GM24BTPP" errors="0">
  <testcase name="thirdScenario" time="30.426" classname="com.test.TestSceanrio1"/>
</testsuite> <!-- com.test.TestSceanrio1 -->
