<?xml version="1.0" encoding="UTF-8"?>
<!-- Generated by org.testng.reporters.JUnitReportReporter -->
<testsuite skipped="0" hostname="LAPTOP-GM24BTPP" name="com.test.GeneralStoreTest" tests="1" failures="0" timestamp="2020-11-30T11:48:33 IST" time="40.270" errors="0">
  <testcase name="addTwoItem" time="40.270" classname="com.test.GeneralStoreTest"/>
  <system-out/>
</testsuite> <!-- com.test.GeneralStoreTest -->
