<?xml version="1.0" encoding="UTF-8"?>
<!-- Generated by org.testng.reporters.JUnitReportReporter -->
<testsuite skipped="0" hostname="LAPTOP-GM24BTPP" name="com.test.APIdemoTest" tests="1" failures="0" timestamp="2020-12-01T18:37:25 IST" time="74.898" errors="0">
  <testcase name="firstCase" time="74.898" classname="com.test.APIdemoTest"/>
  <system-out/>
</testsuite> <!-- com.test.APIdemoTest -->
