<?xml version="1.0" encoding="UTF-8"?>
<!-- Generated by org.testng.reporters.JUnitReportReporter -->
<testsuite skipped="0" hostname="LAPTOP-GM24BTPP" name="test.Sample2" tests="1" failures="0" timestamp="2020-11-23T19:04:41 IST" time="0.004" errors="0">
  <testcase name="first" time="0.004" classname="test.Sample2"/>
  <system-out/>
</testsuite> <!-- test.Sample2 -->
