<?xml version="1.0" encoding="UTF-8"?>
<!-- Generated by org.testng.reporters.JUnitReportReporter -->
<testsuite skipped="0" hostname="LAPTOP-GM24BTPP" name="test.Sample3" tests="1" failures="0" timestamp="2020-11-23T19:04:41 IST" time="0.001" errors="0">
  <testcase name="first" time="0.001" classname="test.Sample3"/>
  <system-out/>
</testsuite> <!-- test.Sample3 -->
