<?xml version="1.0" encoding="UTF-8"?>
<!-- Generated by org.testng.reporters.JUnitReportReporter -->
<testsuite name="com.test.GeneralStoreTest" tests="1" time="36.381" ignored="0" failures="0" timestamp="01 Dec 2020 03:13:59 GMT" skipped="0" hostname="LAPTOP-GM24BTPP" errors="0">
  <testcase name="addTwoItem" time="36.381" classname="com.test.GeneralStoreTest"/>
</testsuite> <!-- com.test.GeneralStoreTest -->
