<?xml version="1.0" encoding="UTF-8"?>
<!-- Generated by org.testng.reporters.JUnitReportReporter -->
<testsuite name="com.test.APIdemoTest" tests="1" time="46.137" ignored="0" failures="0" timestamp="01 Dec 2020 13:08:57 GMT" skipped="0" hostname="LAPTOP-GM24BTPP" errors="0">
  <testcase name="firstCase" time="46.137" classname="com.test.APIdemoTest"/>
</testsuite> <!-- com.test.APIdemoTest -->
